74
-149.758 6.0683 11.3256
-149.755 64.5058 53.7136
-148.735 -85.4722 34.6927
-148.497 -102.27 97.2395
-148.42 139.989 75.9781
-147.596 -92.584 119.736
-147.337 103.806 -124.302
-147.2 -46.9211 134.496
-146.712 -3.9906 -149.09
-145.323 126.341 -143.063
-144.458 -138.073 65.7509
-144.242 -41.5667 -131.158
-143.963 136.524 147.727
-143.892 -139.812 142.364
-143.143 144.996 -53.5109
-142.628 -110.883 -20.6258
-137.456 -145.347 121.856
-135.125 -147.053 -29.5177
-129.623 -148.487 121.658
-124.419 149.663 69.8701
-124.164 -84.9001 -148.994
-122.306 147.255 -97.1856
-120.576 146.093 -124.021
-115.256 -145.258 -117.448
-113.428 -145.982 129.104
-113.356 -131.472 144.276
-111.607 66.7625 -149.918
-108.211 -145.055 -134.455
-98.4514 -120.953 -145.275
-96.9959 29.3649 148.785
-87.7747 -33.3493 148.716
-79.5056 149.856 -53.0989
-75.454 131.81 -145.892
-41.5808 -148.918 -145.382
-31.6205 -72.8323 149.4
-21.122 -20.7685 149.345
-14.9367 136.906 -140.23
-6.40725 149.173 -132.743
0.29784 -114.169 -148.889
2.73948 149.247 76.0228
27.6764 144.221 123.537
59.4453 -102.421 147.224
69.2582 67.8472 149.003
70.1688 -149.901 40.7827
72.9127 149.026 -74.7628
85.5086 -6.53341 148.299
92.205 -10.4613 -149.031
99.9341 64.0621 -149.153
100.902 -62.8331 -148.487
108.3 -133.687 142.786
108.742 130.995 131.158
110.308 147.776 -72.1394
117.846 148.68 18.2924
120.866 30.852 146.816
121.938 -137.465 137.055
126.265 -145.895 131.371
127.204 124.501 -132.311
132.797 145.313 -79.5641
135.739 -149.349 -68.2806
136.446 -138.112 -135.887
136.685 -149.81 83.9086
138.685 -147.411 53.3001
143.506 -138.1 -133.979
144.68 -107.624 85.9156
145.549 140.449 39.542
146.214 116.744 146
147.254 138.004 -25.7834
147.693 -64.8199 100.019
147.826 -122.615 -97.5126
148.828 46.1862 73.3737
148.916 36.1004 -136.664
149.088 29.1951 -140.326
149.249 -1.92242 -139.49
149.85 106.117 31.0984
